<?xml version="1.0" encoding="UTF-8" ?>
<testsuite tests="3" failures="0" name="com.algaworks.ecommerce.mapeamentoavancado.HerancaTest" time="0.074" errors="1" skipped="0">
  <properties>
[...]
</properties>
  <testcase classname="com.algaworks.ecommerce.mapeamentoavancado.HerancaTest" name="salvarCliente" time="0.029"/>
  <testcase classname="com.algaworks.ecommerce.mapeamentoavancado.HerancaTest" name="incluirPagamentoPedido" time="0.013">
    <error message="A different object with the same identifier value was already associated with the session : [com.algaworks.ecommerce.model.PagamentoCartao#1]" type="javax.persistence.EntityExistsException">javax.persistence.EntityExistsException: A different object with the same identifier value was already associated with the session : [com.algaworks.ecommerce.model.PagamentoCartao#1]
	at org.hibernate.internal.ExceptionConverterImpl.convert(ExceptionConverterImpl.java:123)
	at org.hibernate.internal.ExceptionConverterImpl.convert(ExceptionConverterImpl.java:181)
	at org.hibernate.internal.ExceptionConverterImpl.convert(ExceptionConverterImpl.java:188)
	at org.hibernate.internal.SessionImpl.firePersist(SessionImpl.java:726)
	at org.hibernate.internal.SessionImpl.persist(SessionImpl.java:706)
	at com.algaworks.ecommerce.mapeamentoavancado.HerancaTest.incluirPagamentoPedido(HerancaTest.java:53)
	at java.base/jdk.internal.reflect.NativeMethodAccessorImpl.invoke0(Native Method)
	at java.base/jdk.internal.reflect.NativeMethodAccessorImpl.invoke(NativeMethodAccessorImpl.java:78)
	at java.base/jdk.internal.reflect.DelegatingMethodAccessorImpl.invoke(DelegatingMethodAccessorImpl.java:43)
	at java.base/java.lang.reflect.Method.invoke(Method.java:567)
	at org.junit.runners.model.FrameworkMethod$1.runReflectiveCall(FrameworkMethod.java:50)
	at org.junit.internal.runners.model.ReflectiveCallable.run(ReflectiveCallable.java:12)
	at org.junit.runners.model.FrameworkMethod.invokeExplosively(FrameworkMethod.java:47)
	at org.junit.internal.runners.statements.InvokeMethod.evaluate(InvokeMethod.java:17)
	at org.junit.internal.runners.statements.RunBefores.evaluate(RunBefores.java:26)
	at org.junit.internal.runners.statements.RunAfters.evaluate(RunAfters.java:27)
	at org.junit.runners.ParentRunner.runLeaf(ParentRunner.java:325)
	at org.junit.runners.BlockJUnit4ClassRunner.runChild(BlockJUnit4ClassRunner.java:78)
	at org.junit.runners.BlockJUnit4ClassRunner.runChild(BlockJUnit4ClassRunner.java:57)
	at org.junit.runners.ParentRunner$3.run(ParentRunner.java:290)
	at org.junit.runners.ParentRunner$1.schedule(ParentRunner.java:71)
	at org.junit.runners.ParentRunner.runChildren(ParentRunner.java:288)
	at org.junit.runners.ParentRunner.access$000(ParentRunner.java:58)
	at org.junit.runners.ParentRunner$2.evaluate(ParentRunner.java:268)
	at org.junit.internal.runners.statements.RunBefores.evaluate(RunBefores.java:26)
	at org.junit.internal.runners.statements.RunAfters.evaluate(RunAfters.java:27)
	at org.junit.runners.ParentRunner.run(ParentRunner.java:363)
	at org.apache.maven.surefire.junit4.JUnit4Provider.execute(JUnit4Provider.java:252)
	at org.apache.maven.surefire.junit4.JUnit4Provider.executeTestSet(JUnit4Provider.java:141)
	at org.apache.maven.surefire.junit4.JUnit4Provider.invoke(JUnit4Provider.java:112)
	at java.base/jdk.internal.reflect.NativeMethodAccessorImpl.invoke0(Native Method)
	at java.base/jdk.internal.reflect.NativeMethodAccessorImpl.invoke(NativeMethodAccessorImpl.java:78)
	at java.base/jdk.internal.reflect.DelegatingMethodAccessorImpl.invoke(DelegatingMethodAccessorImpl.java:43)
	at java.base/java.lang.reflect.Method.invoke(Method.java:567)
	at org.apache.maven.surefire.util.ReflectionUtils.invokeMethodWithArray(ReflectionUtils.java:189)
	at org.apache.maven.surefire.booter.ProviderFactory$ProviderProxy.invoke(ProviderFactory.java:165)
	at org.apache.maven.surefire.booter.ProviderFactory.invokeProvider(ProviderFactory.java:85)
	at org.apache.maven.surefire.booter.ForkedBooter.runSuitesInProcess(ForkedBooter.java:115)
	at org.apache.maven.surefire.booter.ForkedBooter.main(ForkedBooter.java:75)
</error>
    <system-out>Hibernate: 
    select
        pedido0_.id as id1_8_0_,
        pedido0_.cliente_id as cliente14_8_0_,
        pedido0_.data_conclusao as data_con2_8_0_,
        pedido0_.data_criacao as data_cri3_8_0_,
        pedido0_.data_ultima_atualizacao as data_ult4_8_0_,
        pedido0_.bairro as bairro5_8_0_,
        pedido0_.cep as cep6_8_0_,
        pedido0_.cidade as cidade7_8_0_,
        pedido0_.complemento as compleme8_8_0_,
        pedido0_.estado as estado9_8_0_,
        pedido0_.logradouro as logrado10_8_0_,
        pedido0_.numero as numero11_8_0_,
        pedido0_.status as status12_8_0_,
        pedido0_.total as total13_8_0_,
        cliente1_.id as id1_1_1_,
        cliente1_.cpf as cpf2_1_1_,
        cliente1_.nome as nome3_1_1_,
        cliente1_1_.data_nascimento as data_nas1_3_1_,
        cliente1_1_.sexo as sexo2_3_1_,
        notafiscal2_.pedido_id as pedido_i1_6_2_,
        notafiscal2_.data_emissao as data_emi2_6_2_,
        notafiscal2_.xml as xml3_6_2_,
        pagamento3_.pedido_id as pedido_i2_7_3_,
        pagamento3_.status as status3_7_3_,
        pagamento3_.numero_cartao as numero_c4_7_3_,
        pagamento3_.codigo_barras as codigo_b5_7_3_,
        pagamento3_.data_vencimento as data_ven6_7_3_,
        pagamento3_.tipo_pagamento as tipo_pag1_7_3_ 
    from
        pedido pedido0_ 
    left outer join
        cliente cliente1_ 
            on pedido0_.cliente_id=cliente1_.id 
    left outer join
        cliente_detalhe cliente1_1_ 
            on cliente1_.id=cliente1_1_.cliente_id 
    left outer join
        nota_fiscal notafiscal2_ 
            on pedido0_.id=notafiscal2_.pedido_id 
    left outer join
        pagamento pagamento3_ 
            on pedido0_.id=pagamento3_.pedido_id 
    where
        pedido0_.id=?
Ap�s carregar o Pedido.
</system-out>
  </testcase>
  <testcase classname="com.algaworks.ecommerce.mapeamentoavancado.HerancaTest" name="buscarPagamentos" time="0.032"/>
</testsuite>